#
# There is insufficient memory for the Java Runtime Environment to continue.
# Native memory allocation (mmap) failed to map 266338304 bytes for G1 virtual space
# Possible reasons:
#   The system is out of physical RAM or swap space
#   The process is running with CompressedOops enabled, and the Java Heap may be blocking the growth of the native heap
# Possible solutions:
#   Reduce memory load on the system
#   Increase physical memory or swap space
#   Check if swap backing store is full
#   Decrease Java heap size (-Xmx/-Xms)
#   Decrease number of Java threads
#   Decrease Java thread stack sizes (-Xss)
#   Set larger code cache with -XX:ReservedCodeCacheSize=
#   JVM is running with Zero Based Compressed Oops mode in which the Java heap is
#     placed in the first 32GB address space. The Java Heap base address is the
#     maximum limit for the native heap growth. Please use -XX:HeapBaseMinAddress
#     to set the Java Heap base and to place the Java Heap above 32GB virtual address.
# This output file may be truncated or incomplete.
#
#  Out of Memory Error (os_windows.cpp:3469), pid=34956, tid=31592
#
# JRE version:  (17.0.1+12) (build )
# Java VM: OpenJDK 64-Bit Server VM (17.0.1+12-39, mixed mode, emulated-client, sharing, tiered, compressed oops, compressed class ptrs, g1 gc, windows-amd64)
# No core dump will be written. Minidumps are not enabled by default on client versions of Windows
#

---------------  S U M M A R Y ------------

Command Line: -XX:TieredStopAtLevel=1 -Xverify:none -Dspring.output.ansi.enabled=always -javaagent:D:\Program Files\JetBrains\IntelliJ IDEA 2021.2.2\lib\idea_rt.jar=50738:D:\Program Files\JetBrains\IntelliJ IDEA 2021.2.2\bin -Dcom.sun.management.jmxremote -Dspring.jmx.enabled=true -Dspring.liveBeansView.mbeanDomain -Dspring.application.admin.enabled=true -Dfile.encoding=UTF-8 com.example.bootthesisreview.BootthesisreviewApplication

Host: 11th Gen Intel(R) Core(TM) i7-1165G7 @ 2.80GHz, 8 cores, 15G,  Windows 10 , 64 bit Build 19041 (10.0.19041.1202)
Time: Mon Nov 15 10:00:04 2021  Windows 10 , 64 bit Build 19041 (10.0.19041.1202) elapsed time: 0.033228 seconds (0d 0h 0m 0s)

---------------  T H R E A D  ---------------

Current thread (0x000001ca21df8c40):  JavaThread "Unknown thread" [_thread_in_vm, id=31592, stack(0x0000003558400000,0x0000003558500000)]

Stack: [0x0000003558400000,0x0000003558500000]
Native frames: (J=compiled Java code, j=interpreted, Vv=VM code, C=native code)
V  [jvm.dll+0x66fa1a]
V  [jvm.dll+0x7ce5a4]
V  [jvm.dll+0x7cfd4e]
V  [jvm.dll+0x7d03b3]
V  [jvm.dll+0x242b05]
V  [jvm.dll+0x66ca39]
V  [jvm.dll+0x661502]
V  [jvm.dll+0x30081b]
V  [jvm.dll+0x307da6]
V  [jvm.dll+0x357a1e]
V  [jvm.dll+0x357c4f]
V  [jvm.dll+0x2d7ad8]
V  [jvm.dll+0x2d8a44]
V  [jvm.dll+0x7a01e1]
V  [jvm.dll+0x365791]
V  [jvm.dll+0x77f6cc]
V  [jvm.dll+0x3e812f]
V  [jvm.dll+0x3e9bd1]
C  [jli.dll+0x527b]
C  [ucrtbase.dll+0x21bb2]
C  [KERNEL32.DLL+0x17034]
C  [ntdll.dll+0x52651]


---------------  P R O C E S S  ---------------

Threads class SMR info:
_java_thread_list=0x00007ffb19c47818, length=0, elements={
}

Java Threads: ( => current thread )

Other Threads:
  0x000001ca21e4b750 GCTaskThread "GC Thread#0" [stack: 0x0000003558500000,0x0000003558600000] [id=22640]
  0x000001ca21e5d370 ConcurrentGCThread "G1 Main Marker" [stack: 0x0000003558600000,0x0000003558700000] [id=29836]
  0x000001ca21e5e520 ConcurrentGCThread "G1 Conc#0" [stack: 0x0000003558700000,0x0000003558800000] [id=38688]

[error occurred during error reporting (printing all threads), id 0xc0000005, EXCEPTION_ACCESS_VIOLATION (0xc0000005) at pc=0x00007ffb194984b7]

VM state: not at safepoint (not fully initialized)

VM Mutex/Monitor currently owned by a thread:  ([mutex/lock_event])
[0x000001ca21df59f0] Heap_lock - owner thread: 0x000001ca21df8c40

Heap address: 0x0000000703200000, size: 4046 MB, Compressed Oops mode: Zero based, Oop shift amount: 3

CDS archive(s) mapped at: [0x0000000000000000-0x0000000000000000-0x0000000000000000), size 0, SharedBaseAddress: 0x0000000800000000, ArchiveRelocationMode: 0.
Narrow klass base: 0x0000000000000000, Narrow klass shift: 0, Narrow klass range: 0x0

GC Precious Log:
<Empty>

Heap:
 garbage-first heap   total 0K, used 0K [0x0000000703200000, 0x0000000800000000)
  region size 2048K, 0 young (0K), 0 survivors (0K)

[error occurred during error reporting (printing heap information), id 0xc0000005, EXCEPTION_ACCESS_VIOLATION (0xc0000005) at pc=0x00007ffb19878d89]

GC Heap History (0 events):
No events

Deoptimization events (0 events):
No events

Classes unloaded (0 events):
No events

Classes redefined (0 events):
No events

Internal exceptions (0 events):
No events

VM Operations (0 events):
No events

Events (1 events):
Event: 0.025 Loaded shared library C:\Users\SuperMissQ\.jdks\openjdk-17.0.1\bin\java.dll


Dynamic libraries:
0x00007ff6c3cf0000 - 0x00007ff6c3cfe000 	C:\Users\SuperMissQ\.jdks\openjdk-17.0.1\bin\java.exe
0x00007ffbb6bd0000 - 0x00007ffbb6dc5000 	C:\Windows\SYSTEM32\ntdll.dll
0x00007ffbb6750000 - 0x00007ffbb680e000 	C:\Windows\System32\KERNEL32.DLL
0x00007ffbb43c0000 - 0x00007ffbb4689000 	C:\Windows\System32\KERNELBASE.dll
0x00007ffbb3f80000 - 0x00007ffbb4080000 	C:\Windows\System32\ucrtbase.dll
0x00007ffba7570000 - 0x00007ffba7588000 	C:\Users\SuperMissQ\.jdks\openjdk-17.0.1\bin\jli.dll
0x00007ffb9b180000 - 0x00007ffb9b19a000 	C:\Users\SuperMissQ\.jdks\openjdk-17.0.1\bin\VCRUNTIME140.dll
0x00007ffbb65a0000 - 0x00007ffbb6741000 	C:\Windows\System32\USER32.dll
0x00007ffbb4340000 - 0x00007ffbb4362000 	C:\Windows\System32\win32u.dll
0x00007ffbb5360000 - 0x00007ffbb538b000 	C:\Windows\System32\GDI32.dll
0x00007ffbb4230000 - 0x00007ffbb433b000 	C:\Windows\System32\gdi32full.dll
0x00007ffbb4710000 - 0x00007ffbb47ad000 	C:\Windows\System32\msvcp_win.dll
0x00007ffb98140000 - 0x00007ffb983da000 	C:\Windows\WinSxS\amd64_microsoft.windows.common-controls_6595b64144ccf1df_6.0.19041.1110_none_60b5254171f9507e\COMCTL32.dll
0x00007ffbb52a0000 - 0x00007ffbb533e000 	C:\Windows\System32\msvcrt.dll
0x00007ffbb6500000 - 0x00007ffbb6530000 	C:\Windows\System32\IMM32.DLL
0x00007ffba8760000 - 0x00007ffba876c000 	C:\Users\SuperMissQ\.jdks\openjdk-17.0.1\bin\vcruntime140_1.dll
0x00007ffb8d150000 - 0x00007ffb8d1dd000 	C:\Users\SuperMissQ\.jdks\openjdk-17.0.1\bin\msvcp140.dll
0x00007ffb191b0000 - 0x00007ffb19d6e000 	C:\Users\SuperMissQ\.jdks\openjdk-17.0.1\bin\server\jvm.dll
0x00007ffbb51f0000 - 0x00007ffbb529c000 	C:\Windows\System32\ADVAPI32.dll
0x00007ffbb6810000 - 0x00007ffbb68ab000 	C:\Windows\System32\sechost.dll
0x00007ffbb5010000 - 0x00007ffbb513a000 	C:\Windows\System32\RPCRT4.dll
0x00007ffbb4e40000 - 0x00007ffbb4e48000 	C:\Windows\System32\PSAPI.DLL
0x00007ffb5aa30000 - 0x00007ffb5aa39000 	C:\Windows\SYSTEM32\WSOCK32.dll
0x00007ffbb6530000 - 0x00007ffbb659b000 	C:\Windows\System32\WS2_32.dll
0x00007ffbad810000 - 0x00007ffbad837000 	C:\Windows\SYSTEM32\WINMM.dll
0x00007ffbb3cc0000 - 0x00007ffbb3cca000 	C:\Windows\SYSTEM32\VERSION.dll
0x00007ffbb47f0000 - 0x00007ffbb4802000 	C:\Windows\System32\kernel.appcore.dll
0x00007ffba7f70000 - 0x00007ffba7f7a000 	C:\Users\SuperMissQ\.jdks\openjdk-17.0.1\bin\jimage.dll
0x00007ffbb18c0000 - 0x00007ffbb1aa4000 	C:\Windows\SYSTEM32\DBGHELP.DLL
0x00007ffbad7c0000 - 0x00007ffbad7ec000 	C:\Windows\SYSTEM32\dbgcore.DLL
0x00007ffbb4970000 - 0x00007ffbb49f3000 	C:\Windows\System32\bcryptPrimitives.dll
0x00007ffba0400000 - 0x00007ffba040e000 	C:\Users\SuperMissQ\.jdks\openjdk-17.0.1\bin\instrument.dll
0x00007ffb8ec50000 - 0x00007ffb8ec75000 	C:\Users\SuperMissQ\.jdks\openjdk-17.0.1\bin\java.dll

dbghelp: loaded successfully - version: 4.0.5 - missing functions: none
symbol engine: initialized successfully - sym options: 0x614 - pdb path: .;C:\Users\SuperMissQ\.jdks\openjdk-17.0.1\bin;C:\Windows\SYSTEM32;C:\Windows\WinSxS\amd64_microsoft.windows.common-controls_6595b64144ccf1df_6.0.19041.1110_none_60b5254171f9507e;C:\Users\SuperMissQ\.jdks\openjdk-17.0.1\bin\server

VM Arguments:
jvm_args: -XX:TieredStopAtLevel=1 -Xverify:none -Dspring.output.ansi.enabled=always -javaagent:D:\Program Files\JetBrains\IntelliJ IDEA 2021.2.2\lib\idea_rt.jar=50738:D:\Program Files\JetBrains\IntelliJ IDEA 2021.2.2\bin -Dcom.sun.management.jmxremote -Dspring.jmx.enabled=true -Dspring.liveBeansView.mbeanDomain -Dspring.application.admin.enabled=true -Dfile.encoding=UTF-8 
java_command: com.example.bootthesisreview.BootthesisreviewApplication
java_class_path (initial): D:\springboot+vue\thesis\bootthesisreview\target\classes;C:\Users\SuperMissQ\.m2\repository\org\springframework\boot\spring-boot-starter-web\2.5.5\spring-boot-starter-web-2.5.5.jar;C:\Users\SuperMissQ\.m2\repository\org\springframework\boot\spring-boot-starter\2.5.5\spring-boot-starter-2.5.5.jar;C:\Users\SuperMissQ\.m2\repository\org\springframework\boot\spring-boot\2.5.5\spring-boot-2.5.5.jar;C:\Users\SuperMissQ\.m2\repository\org\springframework\boot\spring-boot-starter-logging\2.5.5\spring-boot-starter-logging-2.5.5.jar;C:\Users\SuperMissQ\.m2\repository\ch\qos\logback\logback-classic\1.2.6\logback-classic-1.2.6.jar;C:\Users\SuperMissQ\.m2\repository\ch\qos\logback\logback-core\1.2.6\logback-core-1.2.6.jar;C:\Users\SuperMissQ\.m2\repository\org\apache\logging\log4j\log4j-to-slf4j\2.14.1\log4j-to-slf4j-2.14.1.jar;C:\Users\SuperMissQ\.m2\repository\org\apache\logging\log4j\log4j-api\2.14.1\log4j-api-2.14.1.jar;C:\Users\SuperMissQ\.m2\repository\org\slf4j\jul-to-slf4j\1.7.32\jul-to-slf4j-1.7.32.jar;C:\Users\SuperMissQ\.m2\repository\jakarta\annotation\jakarta.annotation-api\1.3.5\jakarta.annotation-api-1.3.5.jar;C:\Users\SuperMissQ\.m2\repository\org\yaml\snakeyaml\1.28\snakeyaml-1.28.jar;C:\Users\SuperMissQ\.m2\repository\org\springframework\boot\spring-boot-starter-json\2.5.5\spring-boot-starter-json-2.5.5.jar;C:\Users\SuperMissQ\.m2\repository\com\fasterxml\jackson\core\jackson-databind\2.12.5\jackson-databind-2.12.5.jar;C:\Users\SuperMissQ\.m2\repository\com\fasterxml\jackson\core\jackson-annotations\2.12.5\jackson-annotations-2.12.5.jar;C:\Users\SuperMissQ\.m2\repository\com\fasterxml\jackson\core\jackson-core\2.12.5\jackson-core-2.12.5.jar;C:\Users\SuperMissQ\.m2\repository\com\fasterxml\jackson\datatype\jackson-datatype-jdk8\2.12.5\jackson-datatype-jdk8-2.12.5.jar;C:\Users\SuperMissQ\.m2\repository\com\fasterxml\jackson\datatype\jackson-datatype-jsr310\2.12.5\jackson-datatype-jsr310-2.12.5.jar;C:\Users\SuperMissQ\.m2\repository\co
Launcher Type: SUN_STANDARD

[Global flags]
     intx CICompilerCount                          = 4                                         {product} {ergonomic}
     uint ConcGCThreads                            = 2                                         {product} {ergonomic}
     uint G1ConcRefinementThreads                  = 8                                         {product} {ergonomic}
   size_t G1HeapRegionSize                         = 2097152                                   {product} {ergonomic}
    uintx GCDrainStackTargetSize                   = 64                                        {product} {ergonomic}
   size_t InitialHeapSize                          = 266338304                                 {product} {ergonomic}
     bool ManagementServer                         = true                                      {product} {command line}
   size_t MarkStackSize                            = 4194304                                   {product} {ergonomic}
   size_t MaxHeapSize                              = 4242538496                                {product} {ergonomic}
   size_t MinHeapDeltaBytes                        = 2097152                                   {product} {ergonomic}
   size_t MinHeapSize                              = 8388608                                   {product} {ergonomic}
    uintx NonProfiledCodeHeapSize                  = 0                                      {pd product} {ergonomic}
     bool ProfileInterpreter                       = false                                  {pd product} {command line}
    uintx ProfiledCodeHeapSize                     = 0                                      {pd product} {ergonomic}
   size_t SoftMaxHeapSize                          = 4242538496                             {manageable} {ergonomic}
     intx TieredStopAtLevel                        = 1                                         {product} {command line}
     bool UseCompressedClassPointers               = true                           {product lp64_product} {ergonomic}
     bool UseCompressedOops                        = true                           {product lp64_product} {ergonomic}
     bool UseG1GC                                  = true                                      {product} {ergonomic}
     bool UseLargePagesIndividualAllocation        = false                                  {pd product} {ergonomic}

Logging:
Log output configuration:
 #0: stdout all=warning uptime,level,tags
 #1: stderr all=off uptime,level,tags

Environment Variables:
JAVA_HOME=D:\Java\jdk-16
PATH=C:\Program Files\Microsoft MPI\Bin\;C:\Program Files (x86)\Common Files\Oracle\Java\javapath;D:\Java\jdk-16\bin;C:\Program Files\Common Files\Oracle\Java\javapath;C:\Windows\system32;C:\Windows;C:\Windows\System32\Wbem;C:\Windows\System32\WindowsPowerShell\v1.0\;C:\Windows\System32\OpenSSH\;C:\Program Files (x86)\NVIDIA Corporation\PhysX\Common;C:\Program Files\NVIDIA Corporation\NVIDIA NvDLISR;D:\runtime\win64;D:\bin;D:\polyspace\bin;D:\Program Files\Polyspace\R2020b\runtime\win64;D:\Program Files\Polyspace\R2020b\bin;D:\Program Files\Polyspace\R2020b\polyspace\bin;C:\Program Files\Microsoft SQL Server\110\DTS\Binn\;D:\Program Files (x86)\Microsoft SQL Server\110\Tools\Binn\;C:\Program Files\Microsoft SQL Server\110\Tools\Binn\;D:\Program Files (x86)\Microsoft SQL Server\110\Tools\Binn\ManagementStudio\;C:\Program Files (x86)\Microsoft Visual Studio 10.0\Common7\IDE\PrivateAssemblies\;D:\Program Files (x86)\Microsoft SQL Server\110\DTS\Binn\;C:\Program Files\dotnet\;C:\Program Files\Microsoft SQL Server\130\Tools\Binn\;D:\mingw64\bin;D:\mingw64\include;D:\Program Files (x86)\texlive\2021\bin\win32;C:\ProgramData\chocolatey\bin;D:\Program Files\nodejs\;D:\\Program Files\\nodejs\\node_global;D:\Program Files\MySQL\MySQL Shell 8.0\bin\;C:\Users\SuperMissQ\AppData\Local\Microsoft\WindowsApps;D:\Microsoft VS Code\bin;C:\Users\SuperMissQ\PycharmProjects\DataStructure\venv\Scripts;;d:\PyCharm 2020.1\bin;;D:\Program Files\JetBrains\IntelliJ IDEA 2021.2.2\bin;;C:\Users\SuperMissQ\.dotnet\tools;C:\Users\SuperMissQ\AppData\Roaming\npm
USERNAME=SuperMissQ
OS=Windows_NT
PROCESSOR_IDENTIFIER=Intel64 Family 6 Model 140 Stepping 1, GenuineIntel



---------------  S Y S T E M  ---------------

OS:
 Windows 10 , 64 bit Build 19041 (10.0.19041.1202)
OS uptime: 2 days 0:53 hours

CPU: total 8 (initial active 8) (4 cores per cpu, 2 threads per core) family 6 model 140 stepping 1 microcode 0x66, cx8, cmov, fxsr, ht, mmx, 3dnowpref, sse, sse2, sse3, ssse3, sse4.1, sse4.2, popcnt, lzcnt, tsc, tscinvbit, avx, avx2, aes, erms, clmul, bmi1, bmi2, adx, avx512f, avx512dq, avx512cd, avx512bw, avx512vl, sha, fma, vzeroupper, avx512_vpopcntdq, avx512_vpclmulqdq, avx512_vaes, avx512_vnni, clflush, clflushopt, clwb, avx512_vbmi2, avx512_vbmi

Memory: 4k page, system-wide physical 16183M (1718M free)
TotalPageFile size 26876M (AvailPageFile size 254M)
current process WorkingSet (physical memory assigned to process): 10M, peak: 10M
current process commit charge ("private bytes"): 55M, peak: 309M

vm_info: OpenJDK 64-Bit Server VM (17.0.1+12-39) for windows-amd64 JRE (17.0.1+12-39), built on Sep 27 2021 18:39:29 by "mach5one" with MS VC++ 16.8 (VS2019)

END.
