#
# There is insufficient memory for the Java Runtime Environment to continue.
# Native memory allocation (mmap) failed to map 65536 bytes for Failed to commit metaspace.
# Possible reasons:
#   The system is out of physical RAM or swap space
#   The process is running with CompressedOops enabled, and the Java Heap may be blocking the growth of the native heap
# Possible solutions:
#   Reduce memory load on the system
#   Increase physical memory or swap space
#   Check if swap backing store is full
#   Decrease Java heap size (-Xmx/-Xms)
#   Decrease number of Java threads
#   Decrease Java thread stack sizes (-Xss)
#   Set larger code cache with -XX:ReservedCodeCacheSize=
#   JVM is running with Zero Based Compressed Oops mode in which the Java heap is
#     placed in the first 32GB address space. The Java Heap base address is the
#     maximum limit for the native heap growth. Please use -XX:HeapBaseMinAddress
#     to set the Java Heap base and to place the Java Heap above 32GB virtual address.
# This output file may be truncated or incomplete.
#
#  Out of Memory Error (virtualSpaceNode.cpp:110), pid=39468, tid=27736
#
# JRE version: OpenJDK Runtime Environment (17.0.1+12) (build 17.0.1+12-39)
# Java VM: OpenJDK 64-Bit Server VM (17.0.1+12-39, mixed mode, emulated-client, sharing, tiered, compressed oops, compressed class ptrs, g1 gc, windows-amd64)
# No core dump will be written. Minidumps are not enabled by default on client versions of Windows
#

---------------  S U M M A R Y ------------

Command Line: -XX:TieredStopAtLevel=1 -Xverify:none -Dspring.output.ansi.enabled=always -javaagent:D:\Program Files\JetBrains\IntelliJ IDEA 2021.2.2\lib\idea_rt.jar=50842:D:\Program Files\JetBrains\IntelliJ IDEA 2021.2.2\bin -Dcom.sun.management.jmxremote -Dspring.jmx.enabled=true -Dspring.liveBeansView.mbeanDomain -Dspring.application.admin.enabled=true -Dfile.encoding=UTF-8 com.example.bootthesisreview.BootthesisreviewApplication

Host: 11th Gen Intel(R) Core(TM) i7-1165G7 @ 2.80GHz, 8 cores, 15G,  Windows 10 , 64 bit Build 19041 (10.0.19041.1202)
Time: Mon Nov 15 10:00:31 2021  Windows 10 , 64 bit Build 19041 (10.0.19041.1202) elapsed time: 1.144972 seconds (0d 0h 0m 1s)

---------------  T H R E A D  ---------------

Current thread (0x00000153854c40f0):  JavaThread "background-preinit" [_thread_in_vm, id=27736, stack(0x00000012d1b00000,0x00000012d1c00000)]

Stack: [0x00000012d1b00000,0x00000012d1c00000]
Native frames: (J=compiled Java code, j=interpreted, Vv=VM code, C=native code)
V  [jvm.dll+0x66fa1a]
V  [jvm.dll+0x7ce5a4]
V  [jvm.dll+0x7cfd4e]
V  [jvm.dll+0x7d03b3]
V  [jvm.dll+0x242b05]
V  [jvm.dll+0x7ca54b]
V  [jvm.dll+0x615b76]
V  [jvm.dll+0x1be19e]
V  [jvm.dll+0x6184b1]
V  [jvm.dll+0x616516]
V  [jvm.dll+0x620187]
V  [jvm.dll+0x1e7dcb]
V  [jvm.dll+0x1e8305]
V  [jvm.dll+0x1e8d3f]
V  [jvm.dll+0x1de1f1]
V  [jvm.dll+0x537690]
V  [jvm.dll+0x7496c8]
V  [jvm.dll+0x7497b4]
V  [jvm.dll+0x408995]
V  [jvm.dll+0x40e9e8]
C  [java.dll+0x17ec]

Java frames: (J=compiled Java code, j=interpreted, Vv=VM code)
J 1171  java.lang.ClassLoader.defineClass1(Ljava/lang/ClassLoader;Ljava/lang/String;[BIILjava/security/ProtectionDomain;Ljava/lang/String;)Ljava/lang/Class; java.base@17.0.1 (0 bytes) @ 0x00000153f51c7963 [0x00000153f51c78a0+0x00000000000000c3]
J 1262 c1 java.lang.ClassLoader.defineClass(Ljava/lang/String;[BIILjava/security/ProtectionDomain;)Ljava/lang/Class; java.base@17.0.1 (43 bytes) @ 0x00000153f51ee96c [0x00000153f51ee860+0x000000000000010c]
J 1194 c1 jdk.internal.loader.BuiltinClassLoader.defineClass(Ljava/lang/String;Ljdk/internal/loader/Resource;)Ljava/lang/Class; java.base@17.0.1 (121 bytes) @ 0x00000153f51d4874 [0x00000153f51d43a0+0x00000000000004d4]
J 1173 c1 jdk.internal.loader.BuiltinClassLoader.findClassOnClassPathOrNull(Ljava/lang/String;)Ljava/lang/Class; java.base@17.0.1 (64 bytes) @ 0x00000153f51c9a44 [0x00000153f51c9780+0x00000000000002c4]
J 1010 c1 jdk.internal.loader.BuiltinClassLoader.loadClassOrNull(Ljava/lang/String;Z)Ljava/lang/Class; java.base@17.0.1 (143 bytes) @ 0x00000153f5183384 [0x00000153f5182f00+0x0000000000000484]
J 1073 c1 jdk.internal.loader.ClassLoaders$AppClassLoader.loadClass(Ljava/lang/String;Z)Ljava/lang/Class; java.base@17.0.1 (40 bytes) @ 0x00000153f519d22c [0x00000153f519d0e0+0x000000000000014c]
J 1067 c1 java.lang.ClassLoader.loadClass(Ljava/lang/String;)Ljava/lang/Class; java.base@17.0.1 (7 bytes) @ 0x00000153f519bd64 [0x00000153f519bd20+0x0000000000000044]
v  ~StubRoutines::call_stub
j  com.fasterxml.jackson.databind.ObjectMapper.<clinit>()V+0
v  ~StubRoutines::call_stub
j  org.springframework.http.converter.json.Jackson2ObjectMapperBuilder.build()Lcom/fasterxml/jackson/databind/ObjectMapper;+79
j  org.springframework.http.converter.json.MappingJackson2HttpMessageConverter.<init>()V+4
j  org.springframework.http.converter.support.AllEncompassingFormHttpMessageConverter.<init>()V+59
j  org.springframework.boot.autoconfigure.BackgroundPreinitializer$MessageConverterInitializer.run()V+4
j  org.springframework.boot.autoconfigure.BackgroundPreinitializer$1.runSafely(Ljava/lang/Runnable;)V+1
j  org.springframework.boot.autoconfigure.BackgroundPreinitializer$1.run()V+33
j  java.lang.Thread.run()V+11 java.base@17.0.1
v  ~StubRoutines::call_stub

---------------  P R O C E S S  ---------------

Threads class SMR info:
_java_thread_list=0x00000153854b2050, length=17, elements={
0x00000153ed5679b0, 0x00000153fffaf6b0, 0x00000153fffb0260, 0x00000153fffc8140,
0x00000153fffc8c00, 0x00000153fffcb6c0, 0x00000153fffce080, 0x00000153fffd2af0,
0x00000153fffe4240, 0x00000153848bff30, 0x00000153848c4490, 0x00000153848c69b0,
0x0000015384b10760, 0x0000015384b110b0, 0x0000015385040b40, 0x0000015385205c50,
0x00000153854c40f0
}

Java Threads: ( => current thread )
  0x00000153ed5679b0 JavaThread "main" [_thread_in_vm, id=38932, stack(0x00000012cfc00000,0x00000012cfd00000)]
  0x00000153fffaf6b0 JavaThread "Reference Handler" daemon [_thread_blocked, id=28160, stack(0x00000012d0300000,0x00000012d0400000)]
  0x00000153fffb0260 JavaThread "Finalizer" daemon [_thread_blocked, id=33660, stack(0x00000012d0400000,0x00000012d0500000)]
  0x00000153fffc8140 JavaThread "Signal Dispatcher" daemon [_thread_blocked, id=24988, stack(0x00000012d0500000,0x00000012d0600000)]
  0x00000153fffc8c00 JavaThread "Attach Listener" daemon [_thread_blocked, id=39240, stack(0x00000012d0600000,0x00000012d0700000)]
  0x00000153fffcb6c0 JavaThread "Service Thread" daemon [_thread_blocked, id=28668, stack(0x00000012d0700000,0x00000012d0800000)]
  0x00000153fffce080 JavaThread "Monitor Deflation Thread" daemon [_thread_blocked, id=31780, stack(0x00000012d0800000,0x00000012d0900000)]
  0x00000153fffd2af0 JavaThread "C1 CompilerThread0" daemon [_thread_blocked, id=39560, stack(0x00000012d0900000,0x00000012d0a00000)]
  0x00000153fffe4240 JavaThread "Sweeper thread" daemon [_thread_blocked, id=39556, stack(0x00000012d0a00000,0x00000012d0b00000)]
  0x00000153848bff30 JavaThread "Common-Cleaner" daemon [_thread_blocked, id=31548, stack(0x00000012d0b00000,0x00000012d0c00000)]
  0x00000153848c4490 JavaThread "C1 CompilerThread1" daemon [_thread_blocked, id=22732, stack(0x00000012d0c00000,0x00000012d0d00000)]
  0x00000153848c69b0 JavaThread "C1 CompilerThread2" daemon [_thread_blocked, id=2296, stack(0x00000012d0d00000,0x00000012d0e00000)]
  0x0000015384b10760 JavaThread "Monitor Ctrl-Break" daemon [_thread_in_native, id=39572, stack(0x00000012d0e00000,0x00000012d0f00000)]
  0x0000015384b110b0 JavaThread "Notification Thread" daemon [_thread_blocked, id=39576, stack(0x00000012d0f00000,0x00000012d1000000)]
  0x0000015385040b40 JavaThread "RMI TCP Accept-0" daemon [_thread_in_native, id=35592, stack(0x00000012d1000000,0x00000012d1100000)]
  0x0000015385205c50 JavaThread "C1 CompilerThread3" daemon [_thread_blocked, id=28916, stack(0x00000012d1200000,0x00000012d1300000)]
=>0x00000153854c40f0 JavaThread "background-preinit" [_thread_in_vm, id=27736, stack(0x00000012d1b00000,0x00000012d1c00000)]

Other Threads:
  0x00000153fffaa350 VMThread "VM Thread" [stack: 0x00000012d0200000,0x00000012d0300000] [id=33700]
  0x00000153ed5d4e10 WatcherThread [stack: 0x00000012d1100000,0x00000012d1200000] [id=38924]
  0x00000153ed5b88e0 GCTaskThread "GC Thread#0" [stack: 0x00000012cfd00000,0x00000012cfe00000] [id=39140]
  0x000001538536d160 GCTaskThread "GC Thread#1" [stack: 0x00000012d1300000,0x00000012d1400000] [id=39360]
  0x00000153853cac70 GCTaskThread "GC Thread#2" [stack: 0x00000012d1400000,0x00000012d1500000] [id=39420]
  0x0000015385399420 GCTaskThread "GC Thread#3" [stack: 0x00000012d1500000,0x00000012d1600000] [id=36020]
  0x00000153853996d0 GCTaskThread "GC Thread#4" [stack: 0x00000012d1600000,0x00000012d1700000] [id=39424]
  0x0000015385399980 GCTaskThread "GC Thread#5" [stack: 0x00000012d1700000,0x00000012d1800000] [id=39536]
  0x00000153853f38f0 GCTaskThread "GC Thread#6" [stack: 0x00000012d1800000,0x00000012d1900000] [id=26876]
  0x00000153853f3ba0 GCTaskThread "GC Thread#7" [stack: 0x00000012d1900000,0x00000012d1a00000] [id=34440]
  0x00000153ed5ca500 ConcurrentGCThread "G1 Main Marker" [stack: 0x00000012cfe00000,0x00000012cff00000] [id=39300]
  0x00000153ed5cb6b0 ConcurrentGCThread "G1 Conc#0" [stack: 0x00000012cff00000,0x00000012d0000000] [id=39252]
  0x00000153ed63d520 ConcurrentGCThread "G1 Refine#0" [stack: 0x00000012d0000000,0x00000012d0100000] [id=39328]
  0x000001538539a530 ConcurrentGCThread "G1 Refine#1" [stack: 0x00000012d1a00000,0x00000012d1b00000] [id=3908]
  0x00000153ed63df40 ConcurrentGCThread "G1 Service" [stack: 0x00000012d0100000,0x00000012d0200000] [id=39332]

Threads with active compile tasks:

VM state: not at safepoint (normal execution)

VM Mutex/Monitor currently owned by a thread:  ([mutex/lock_event])
[0x00000153ed557890] Metaspace_lock - owner thread: 0x00000153854c40f0

Heap address: 0x0000000703200000, size: 4046 MB, Compressed Oops mode: Zero based, Oop shift amount: 3

CDS archive(s) mapped at: [0x0000000800000000-0x0000000800bc0000-0x0000000800bc0000), size 12320768, SharedBaseAddress: 0x0000000800000000, ArchiveRelocationMode: 0.
Compressed class space mapped at: 0x0000000800c00000-0x0000000840c00000, reserved size: 1073741824
Narrow klass base: 0x0000000800000000, Narrow klass shift: 0, Narrow klass range: 0x100000000

GC Precious Log:
 CPUs: 8 total, 8 available
 Memory: 16183M
 Large Page Support: Disabled
 NUMA Support: Disabled
 Compressed Oops: Enabled (Zero based)
 Heap Region Size: 2M
 Heap Min Capacity: 8M
 Heap Initial Capacity: 254M
 Heap Max Capacity: 4046M
 Pre-touch: Disabled
 Parallel Workers: 8
 Concurrent Workers: 2
 Concurrent Refinement Workers: 8
 Periodic GC: Disabled

Heap:
 garbage-first heap   total 260096K, used 20032K [0x0000000703200000, 0x0000000800000000)
  region size 2048K, 10 young (20480K), 2 survivors (4096K)
 Metaspace       used 10490K, committed 10752K, reserved 1064960K
  class space    used 1398K, committed 1536K, reserved 1048576K

Heap Regions: E=young(eden), S=young(survivor), O=old, HS=humongous(starts), HC=humongous(continues), CS=collection set, F=free, OA=open archive, CA=closed archive, TAMS=top-at-mark-start (previous, next)
|   0|0x0000000703200000, 0x0000000703390200, 0x0000000703400000| 78%| O|  |TAMS 0x0000000703200000, 0x0000000703200000| Untracked 
|   1|0x0000000703400000, 0x0000000703400000, 0x0000000703600000|  0%| F|  |TAMS 0x0000000703400000, 0x0000000703400000| Untracked 
|   2|0x0000000703600000, 0x0000000703600000, 0x0000000703800000|  0%| F|  |TAMS 0x0000000703600000, 0x0000000703600000| Untracked 
|   3|0x0000000703800000, 0x0000000703800000, 0x0000000703a00000|  0%| F|  |TAMS 0x0000000703800000, 0x0000000703800000| Untracked 
|   4|0x0000000703a00000, 0x0000000703a00000, 0x0000000703c00000|  0%| F|  |TAMS 0x0000000703a00000, 0x0000000703a00000| Untracked 
|   5|0x0000000703c00000, 0x0000000703c00000, 0x0000000703e00000|  0%| F|  |TAMS 0x0000000703c00000, 0x0000000703c00000| Untracked 
|   6|0x0000000703e00000, 0x0000000703e00000, 0x0000000704000000|  0%| F|  |TAMS 0x0000000703e00000, 0x0000000703e00000| Untracked 
|   7|0x0000000704000000, 0x0000000704000000, 0x0000000704200000|  0%| F|  |TAMS 0x0000000704000000, 0x0000000704000000| Untracked 
|   8|0x0000000704200000, 0x0000000704200000, 0x0000000704400000|  0%| F|  |TAMS 0x0000000704200000, 0x0000000704200000| Untracked 
|   9|0x0000000704400000, 0x0000000704400000, 0x0000000704600000|  0%| F|  |TAMS 0x0000000704400000, 0x0000000704400000| Untracked 
|  10|0x0000000704600000, 0x0000000704600000, 0x0000000704800000|  0%| F|  |TAMS 0x0000000704600000, 0x0000000704600000| Untracked 
|  11|0x0000000704800000, 0x0000000704800000, 0x0000000704a00000|  0%| F|  |TAMS 0x0000000704800000, 0x0000000704800000| Untracked 
|  12|0x0000000704a00000, 0x0000000704a00000, 0x0000000704c00000|  0%| F|  |TAMS 0x0000000704a00000, 0x0000000704a00000| Untracked 
|  13|0x0000000704c00000, 0x0000000704c00000, 0x0000000704e00000|  0%| F|  |TAMS 0x0000000704c00000, 0x0000000704c00000| Untracked 
|  14|0x0000000704e00000, 0x0000000704e00000, 0x0000000705000000|  0%| F|  |TAMS 0x0000000704e00000, 0x0000000704e00000| Untracked 
|  15|0x0000000705000000, 0x0000000705000000, 0x0000000705200000|  0%| F|  |TAMS 0x0000000705000000, 0x0000000705000000| Untracked 
|  16|0x0000000705200000, 0x0000000705200000, 0x0000000705400000|  0%| F|  |TAMS 0x0000000705200000, 0x0000000705200000| Untracked 
|  17|0x0000000705400000, 0x0000000705400000, 0x0000000705600000|  0%| F|  |TAMS 0x0000000705400000, 0x0000000705400000| Untracked 
|  18|0x0000000705600000, 0x0000000705600000, 0x0000000705800000|  0%| F|  |TAMS 0x0000000705600000, 0x0000000705600000| Untracked 
|  19|0x0000000705800000, 0x0000000705800000, 0x0000000705a00000|  0%| F|  |TAMS 0x0000000705800000, 0x0000000705800000| Untracked 
|  20|0x0000000705a00000, 0x0000000705a00000, 0x0000000705c00000|  0%| F|  |TAMS 0x0000000705a00000, 0x0000000705a00000| Untracked 
|  21|0x0000000705c00000, 0x0000000705c00000, 0x0000000705e00000|  0%| F|  |TAMS 0x0000000705c00000, 0x0000000705c00000| Untracked 
|  22|0x0000000705e00000, 0x0000000705e00000, 0x0000000706000000|  0%| F|  |TAMS 0x0000000705e00000, 0x0000000705e00000| Untracked 
|  23|0x0000000706000000, 0x0000000706000000, 0x0000000706200000|  0%| F|  |TAMS 0x0000000706000000, 0x0000000706000000| Untracked 
|  24|0x0000000706200000, 0x0000000706200000, 0x0000000706400000|  0%| F|  |TAMS 0x0000000706200000, 0x0000000706200000| Untracked 
|  25|0x0000000706400000, 0x0000000706400000, 0x0000000706600000|  0%| F|  |TAMS 0x0000000706400000, 0x0000000706400000| Untracked 
|  26|0x0000000706600000, 0x0000000706600000, 0x0000000706800000|  0%| F|  |TAMS 0x0000000706600000, 0x0000000706600000| Untracked 
|  27|0x0000000706800000, 0x0000000706800000, 0x0000000706a00000|  0%| F|  |TAMS 0x0000000706800000, 0x0000000706800000| Untracked 
|  28|0x0000000706a00000, 0x0000000706a00000, 0x0000000706c00000|  0%| F|  |TAMS 0x0000000706a00000, 0x0000000706a00000| Untracked 
|  29|0x0000000706c00000, 0x0000000706c00000, 0x0000000706e00000|  0%| F|  |TAMS 0x0000000706c00000, 0x0000000706c00000| Untracked 
|  30|0x0000000706e00000, 0x0000000706e00000, 0x0000000707000000|  0%| F|  |TAMS 0x0000000706e00000, 0x0000000706e00000| Untracked 
|  31|0x0000000707000000, 0x0000000707000000, 0x0000000707200000|  0%| F|  |TAMS 0x0000000707000000, 0x0000000707000000| Untracked 
|  32|0x0000000707200000, 0x0000000707200000, 0x0000000707400000|  0%| F|  |TAMS 0x0000000707200000, 0x0000000707200000| Untracked 
|  33|0x0000000707400000, 0x0000000707400000, 0x0000000707600000|  0%| F|  |TAMS 0x0000000707400000, 0x0000000707400000| Untracked 
|  34|0x0000000707600000, 0x0000000707600000, 0x0000000707800000|  0%| F|  |TAMS 0x0000000707600000, 0x0000000707600000| Untracked 
|  35|0x0000000707800000, 0x0000000707800000, 0x0000000707a00000|  0%| F|  |TAMS 0x0000000707800000, 0x0000000707800000| Untracked 
|  36|0x0000000707a00000, 0x0000000707a00000, 0x0000000707c00000|  0%| F|  |TAMS 0x0000000707a00000, 0x0000000707a00000| Untracked 
|  37|0x0000000707c00000, 0x0000000707c00000, 0x0000000707e00000|  0%| F|  |TAMS 0x0000000707c00000, 0x0000000707c00000| Untracked 
|  38|0x0000000707e00000, 0x0000000707e00000, 0x0000000708000000|  0%| F|  |TAMS 0x0000000707e00000, 0x0000000707e00000| Untracked 
|  39|0x0000000708000000, 0x0000000708000000, 0x0000000708200000|  0%| F|  |TAMS 0x0000000708000000, 0x0000000708000000| Untracked 
|  40|0x0000000708200000, 0x0000000708200000, 0x0000000708400000|  0%| F|  |TAMS 0x0000000708200000, 0x0000000708200000| Untracked 
|  41|0x0000000708400000, 0x0000000708400000, 0x0000000708600000|  0%| F|  |TAMS 0x0000000708400000, 0x0000000708400000| Untracked 
|  42|0x0000000708600000, 0x0000000708600000, 0x0000000708800000|  0%| F|  |TAMS 0x0000000708600000, 0x0000000708600000| Untracked 
|  43|0x0000000708800000, 0x0000000708800000, 0x0000000708a00000|  0%| F|  |TAMS 0x0000000708800000, 0x0000000708800000| Untracked 
|  44|0x0000000708a00000, 0x0000000708a00000, 0x0000000708c00000|  0%| F|  |TAMS 0x0000000708a00000, 0x0000000708a00000| Untracked 
|  45|0x0000000708c00000, 0x0000000708c00000, 0x0000000708e00000|  0%| F|  |TAMS 0x0000000708c00000, 0x0000000708c00000| Untracked 
|  46|0x0000000708e00000, 0x0000000708e00000, 0x0000000709000000|  0%| F|  |TAMS 0x0000000708e00000, 0x0000000708e00000| Untracked 
|  47|0x0000000709000000, 0x0000000709000000, 0x0000000709200000|  0%| F|  |TAMS 0x0000000709000000, 0x0000000709000000| Untracked 
|  48|0x0000000709200000, 0x0000000709200000, 0x0000000709400000|  0%| F|  |TAMS 0x0000000709200000, 0x0000000709200000| Untracked 
|  49|0x0000000709400000, 0x0000000709400000, 0x0000000709600000|  0%| F|  |TAMS 0x0000000709400000, 0x0000000709400000| Untracked 
|  50|0x0000000709600000, 0x0000000709600000, 0x0000000709800000|  0%| F|  |TAMS 0x0000000709600000, 0x0000000709600000| Untracked 
|  51|0x0000000709800000, 0x0000000709800000, 0x0000000709a00000|  0%| F|  |TAMS 0x0000000709800000, 0x0000000709800000| Untracked 
|  52|0x0000000709a00000, 0x0000000709a00000, 0x0000000709c00000|  0%| F|  |TAMS 0x0000000709a00000, 0x0000000709a00000| Untracked 
|  53|0x0000000709c00000, 0x0000000709c00000, 0x0000000709e00000|  0%| F|  |TAMS 0x0000000709c00000, 0x0000000709c00000| Untracked 
|  54|0x0000000709e00000, 0x0000000709e00000, 0x000000070a000000|  0%| F|  |TAMS 0x0000000709e00000, 0x0000000709e00000| Untracked 
|  55|0x000000070a000000, 0x000000070a000000, 0x000000070a200000|  0%| F|  |TAMS 0x000000070a000000, 0x000000070a000000| Untracked 
|  56|0x000000070a200000, 0x000000070a200000, 0x000000070a400000|  0%| F|  |TAMS 0x000000070a200000, 0x000000070a200000| Untracked 
|  57|0x000000070a400000, 0x000000070a400000, 0x000000070a600000|  0%| F|  |TAMS 0x000000070a400000, 0x000000070a400000| Untracked 
|  58|0x000000070a600000, 0x000000070a600000, 0x000000070a800000|  0%| F|  |TAMS 0x000000070a600000, 0x000000070a600000| Untracked 
|  59|0x000000070a800000, 0x000000070a800000, 0x000000070aa00000|  0%| F|  |TAMS 0x000000070a800000, 0x000000070a800000| Untracked 
|  60|0x000000070aa00000, 0x000000070aa00000, 0x000000070ac00000|  0%| F|  |TAMS 0x000000070aa00000, 0x000000070aa00000| Untracked 
|  61|0x000000070ac00000, 0x000000070ac00000, 0x000000070ae00000|  0%| F|  |TAMS 0x000000070ac00000, 0x000000070ac00000| Untracked 
|  62|0x000000070ae00000, 0x000000070ae00000, 0x000000070b000000|  0%| F|  |TAMS 0x000000070ae00000, 0x000000070ae00000| Untracked 
|  63|0x000000070b000000, 0x000000070b000000, 0x000000070b200000|  0%| F|  |TAMS 0x000000070b000000, 0x000000070b000000| Untracked 
|  64|0x000000070b200000, 0x000000070b200000, 0x000000070b400000|  0%| F|  |TAMS 0x000000070b200000, 0x000000070b200000| Untracked 
|  65|0x000000070b400000, 0x000000070b400000, 0x000000070b600000|  0%| F|  |TAMS 0x000000070b400000, 0x000000070b400000| Untracked 
|  66|0x000000070b600000, 0x000000070b600000, 0x000000070b800000|  0%| F|  |TAMS 0x000000070b600000, 0x000000070b600000| Untracked 
|  67|0x000000070b800000, 0x000000070b800000, 0x000000070ba00000|  0%| F|  |TAMS 0x000000070b800000, 0x000000070b800000| Untracked 
|  68|0x000000070ba00000, 0x000000070ba00000, 0x000000070bc00000|  0%| F|  |TAMS 0x000000070ba00000, 0x000000070ba00000| Untracked 
|  69|0x000000070bc00000, 0x000000070bc00000, 0x000000070be00000|  0%| F|  |TAMS 0x000000070bc00000, 0x000000070bc00000| Untracked 
|  70|0x000000070be00000, 0x000000070be00000, 0x000000070c000000|  0%| F|  |TAMS 0x000000070be00000, 0x000000070be00000| Untracked 
|  71|0x000000070c000000, 0x000000070c000000, 0x000000070c200000|  0%| F|  |TAMS 0x000000070c000000, 0x000000070c000000| Untracked 
|  72|0x000000070c200000, 0x000000070c200000, 0x000000070c400000|  0%| F|  |TAMS 0x000000070c200000, 0x000000070c200000| Untracked 
|  73|0x000000070c400000, 0x000000070c400000, 0x000000070c600000|  0%| F|  |TAMS 0x000000070c400000, 0x000000070c400000| Untracked 
|  74|0x000000070c600000, 0x000000070c600000, 0x000000070c800000|  0%| F|  |TAMS 0x000000070c600000, 0x000000070c600000| Untracked 
|  75|0x000000070c800000, 0x000000070c800000, 0x000000070ca00000|  0%| F|  |TAMS 0x000000070c800000, 0x000000070c800000| Untracked 
|  76|0x000000070ca00000, 0x000000070ca00000, 0x000000070cc00000|  0%| F|  |TAMS 0x000000070ca00000, 0x000000070ca00000| Untracked 
|  77|0x000000070cc00000, 0x000000070cc00000, 0x000000070ce00000|  0%| F|  |TAMS 0x000000070cc00000, 0x000000070cc00000| Untracked 
|  78|0x000000070ce00000, 0x000000070ce00000, 0x000000070d000000|  0%| F|  |TAMS 0x000000070ce00000, 0x000000070ce00000| Untracked 
|  79|0x000000070d000000, 0x000000070d000000, 0x000000070d200000|  0%| F|  |TAMS 0x000000070d000000, 0x000000070d000000| Untracked 
|  80|0x000000070d200000, 0x000000070d200000, 0x000000070d400000|  0%| F|  |TAMS 0x000000070d200000, 0x000000070d200000| Untracked 
|  81|0x000000070d400000, 0x000000070d400000, 0x000000070d600000|  0%| F|  |TAMS 0x000000070d400000, 0x000000070d400000| Untracked 
|  82|0x000000070d600000, 0x000000070d600000, 0x000000070d800000|  0%| F|  |TAMS 0x000000070d600000, 0x000000070d600000| Untracked 
|  83|0x000000070d800000, 0x000000070d800000, 0x000000070da00000|  0%| F|  |TAMS 0x000000070d800000, 0x000000070d800000| Untracked 
|  84|0x000000070da00000, 0x000000070da00000, 0x000000070dc00000|  0%| F|  |TAMS 0x000000070da00000, 0x000000070da00000| Untracked 
|  85|0x000000070dc00000, 0x000000070dc00000, 0x000000070de00000|  0%| F|  |TAMS 0x000000070dc00000, 0x000000070dc00000| Untracked 
|  86|0x000000070de00000, 0x000000070de00000, 0x000000070e000000|  0%| F|  |TAMS 0x000000070de00000, 0x000000070de00000| Untracked 
|  87|0x000000070e000000, 0x000000070e000000, 0x000000070e200000|  0%| F|  |TAMS 0x000000070e000000, 0x000000070e000000| Untracked 
|  88|0x000000070e200000, 0x000000070e200000, 0x000000070e400000|  0%| F|  |TAMS 0x000000070e200000, 0x000000070e200000| Untracked 
|  89|0x000000070e400000, 0x000000070e400000, 0x000000070e600000|  0%| F|  |TAMS 0x000000070e400000, 0x000000070e400000| Untracked 
|  90|0x000000070e600000, 0x000000070e600000, 0x000000070e800000|  0%| F|  |TAMS 0x000000070e600000, 0x000000070e600000| Untracked 
|  91|0x000000070e800000, 0x000000070e800000, 0x000000070ea00000|  0%| F|  |TAMS 0x000000070e800000, 0x000000070e800000| Untracked 
|  92|0x000000070ea00000, 0x000000070ea00000, 0x000000070ec00000|  0%| F|  |TAMS 0x000000070ea00000, 0x000000070ea00000| Untracked 
|  93|0x000000070ec00000, 0x000000070ec00000, 0x000000070ee00000|  0%| F|  |TAMS 0x000000070ec00000, 0x000000070ec00000| Untracked 
|  94|0x000000070ee00000, 0x000000070ee00000, 0x000000070f000000|  0%| F|  |TAMS 0x000000070ee00000, 0x000000070ee00000| Untracked 
|  95|0x000000070f000000, 0x000000070f000000, 0x000000070f200000|  0%| F|  |TAMS 0x000000070f000000, 0x000000070f000000| Untracked 
|  96|0x000000070f200000, 0x000000070f200000, 0x000000070f400000|  0%| F|  |TAMS 0x000000070f200000, 0x000000070f200000| Untracked 
|  97|0x000000070f400000, 0x000000070f400000, 0x000000070f600000|  0%| F|  |TAMS 0x000000070f400000, 0x000000070f400000| Untracked 
|  98|0x000000070f600000, 0x000000070f600000, 0x000000070f800000|  0%| F|  |TAMS 0x000000070f600000, 0x000000070f600000| Untracked 
|  99|0x000000070f800000, 0x000000070f800000, 0x000000070fa00000|  0%| F|  |TAMS 0x000000070f800000, 0x000000070f800000| Untracked 
| 100|0x000000070fa00000, 0x000000070fa00000, 0x000000070fc00000|  0%| F|  |TAMS 0x000000070fa00000, 0x000000070fa00000| Untracked 
| 101|0x000000070fc00000, 0x000000070fc00000, 0x000000070fe00000|  0%| F|  |TAMS 0x000000070fc00000, 0x000000070fc00000| Untracked 
| 102|0x000000070fe00000, 0x000000070fe00000, 0x0000000710000000|  0%| F|  |TAMS 0x000000070fe00000, 0x000000070fe00000| Untracked 
| 103|0x0000000710000000, 0x0000000710000000, 0x0000000710200000|  0%| F|  |TAMS 0x0000000710000000, 0x0000000710000000| Untracked 
| 104|0x0000000710200000, 0x0000000710200000, 0x0000000710400000|  0%| F|  |TAMS 0x0000000710200000, 0x0000000710200000| Untracked 
| 105|0x0000000710400000, 0x0000000710400000, 0x0000000710600000|  0%| F|  |TAMS 0x0000000710400000, 0x0000000710400000| Untracked 
| 106|0x0000000710600000, 0x0000000710600000, 0x0000000710800000|  0%| F|  |TAMS 0x0000000710600000, 0x0000000710600000| Untracked 
| 107|0x0000000710800000, 0x0000000710800000, 0x0000000710a00000|  0%| F|  |TAMS 0x0000000710800000, 0x0000000710800000| Untracked 
| 108|0x0000000710a00000, 0x0000000710a00000, 0x0000000710c00000|  0%| F|  |TAMS 0x0000000710a00000, 0x0000000710a00000| Untracked 
| 109|0x0000000710c00000, 0x0000000710c00000, 0x0000000710e00000|  0%| F|  |TAMS 0x0000000710c00000, 0x0000000710c00000| Untracked 
| 110|0x0000000710e00000, 0x0000000710e00000, 0x0000000711000000|  0%| F|  |TAMS 0x0000000710e00000, 0x0000000710e00000| Untracked 
| 111|0x0000000711000000, 0x0000000711000000, 0x0000000711200000|  0%| F|  |TAMS 0x0000000711000000, 0x0000000711000000| Untracked 
| 112|0x0000000711200000, 0x0000000711200000, 0x0000000711400000|  0%| F|  |TAMS 0x0000000711200000, 0x0000000711200000| Untracked 
| 113|0x0000000711400000, 0x0000000711400000, 0x0000000711600000|  0%| F|  |TAMS 0x0000000711400000, 0x0000000711400000| Untracked 
| 114|0x0000000711600000, 0x0000000711800000, 0x0000000711800000|100%| S|CS|TAMS 0x0000000711600000, 0x0000000711600000| Complete 
| 115|0x0000000711800000, 0x0000000711a00000, 0x0000000711a00000|100%| S|CS|TAMS 0x0000000711800000, 0x0000000711800000| Complete 
| 116|0x0000000711a00000, 0x0000000711a00000, 0x0000000711c00000|  0%| F|  |TAMS 0x0000000711a00000, 0x0000000711a00000| Untracked 
| 117|0x0000000711c00000, 0x0000000711c00000, 0x0000000711e00000|  0%| F|  |TAMS 0x0000000711c00000, 0x0000000711c00000| Untracked 
| 118|0x0000000711e00000, 0x0000000711e00000, 0x0000000712000000|  0%| F|  |TAMS 0x0000000711e00000, 0x0000000711e00000| Untracked 
| 119|0x0000000712000000, 0x00000007120d7af0, 0x0000000712200000| 42%| E|  |TAMS 0x0000000712000000, 0x0000000712000000| Complete 
| 120|0x0000000712200000, 0x0000000712400000, 0x0000000712400000|100%| E|CS|TAMS 0x0000000712200000, 0x0000000712200000| Complete 
| 121|0x0000000712400000, 0x0000000712600000, 0x0000000712600000|100%| E|CS|TAMS 0x0000000712400000, 0x0000000712400000| Complete 
| 122|0x0000000712600000, 0x0000000712800000, 0x0000000712800000|100%| E|CS|TAMS 0x0000000712600000, 0x0000000712600000| Complete 
| 123|0x0000000712800000, 0x0000000712a00000, 0x0000000712a00000|100%| E|CS|TAMS 0x0000000712800000, 0x0000000712800000| Complete 
| 124|0x0000000712a00000, 0x0000000712c00000, 0x0000000712c00000|100%| E|CS|TAMS 0x0000000712a00000, 0x0000000712a00000| Complete 
| 125|0x0000000712c00000, 0x0000000712e00000, 0x0000000712e00000|100%| E|CS|TAMS 0x0000000712c00000, 0x0000000712c00000| Complete 
| 126|0x0000000712e00000, 0x0000000713000000, 0x0000000713000000|100%| E|CS|TAMS 0x0000000712e00000, 0x0000000712e00000| Complete 

Card table byte_map: [0x00000153f8660000,0x00000153f8e50000] _byte_map_base: 0x00000153f4e47000

Marking Bits (Prev, Next): (CMBitMap*) 0x00000153ed5b8ef0, (CMBitMap*) 0x00000153ed5b8f30
 Prev Bits: [0x00000153f9640000, 0x00000153fd578000)
 Next Bits: [0x0000015380000000, 0x0000015383f38000)

Polling page: 0x00000153eb4a0000

Metaspace:

Usage:
  Non-class:      8.88 MB used.
      Class:      1.37 MB used.
       Both:     10.24 MB used.

Virtual space:
  Non-class space:       16.00 MB reserved,       9.00 MB ( 56%) committed,  2 nodes.
      Class space:        1.00 GB reserved,       1.50 MB ( <1%) committed,  1 nodes.
             Both:        1.02 GB reserved,      10.50 MB (  1%) committed. 

Chunk freelists:
   Non-Class:  2.73 MB
       Class:  2.53 MB
        Both:  5.27 MB

MaxMetaspaceSize: unlimited
CompressedClassSpaceSize: 1.00 GB
Initial GC threshold: 21.00 MB
Current GC threshold: 21.00 MB
CDS: on
MetaspaceReclaimPolicy: balanced
 - commit_granule_bytes: 65536.
 - commit_granule_words: 8192.
 - virtual_space_node_default_size: 1048576.
 - enlarge_chunks_in_place: 1.
 - new_chunks_are_fully_committed: 0.
 - uncommit_free_chunks: 1.
 - use_allocation_guard: 0.
 - handle_deallocations: 1.


Internal statistics:

num_allocs_failed_limit: 0.
num_arena_births: 196.
num_arena_deaths: 0.
num_vsnodes_births: 3.
num_vsnodes_deaths: 0.
num_space_committed: 168.
num_space_uncommitted: 0.
num_chunks_returned_to_freelist: 0.
num_chunks_taken_from_freelist: 448.
num_chunk_merges: 0.
num_chunk_splits: 293.
num_chunks_enlarged: 208.
num_purges: 0.
num_inconsistent_stats: 0.

CodeCache: size=49152Kb used=5467Kb max_used=5467Kb free=43684Kb
 bounds [0x00000153f4d60000, 0x00000153f52c0000, 0x00000153f7d60000]
 total_blobs=2235 nmethods=1773 adapters=386
 compilation: enabled
              stopped_count=0, restarted_count=0
 full_count=0

Compilation events (20 events):
Event: 1.129 Thread 0x0000015385205c50 nmethod 1759 0x00000153f52b1c90 code [0x00000153f52b1e20, 0x00000153f52b1f08]
Event: 1.129 Thread 0x0000015385205c50 1761       1       java.lang.invoke.LambdaForm::returnType (26 bytes)
Event: 1.129 Thread 0x00000153fffd2af0 nmethod 1762 0x00000153f52b1f90 code [0x00000153f52b2120, 0x00000153f52b2258]
Event: 1.129 Thread 0x00000153848c4490 nmethod 1758 0x00000153f52b2390 code [0x00000153f52b2540, 0x00000153f52b2828]
Event: 1.129 Thread 0x0000015385205c50 nmethod 1761 0x00000153f52b2910 code [0x00000153f52b2aa0, 0x00000153f52b2bd8]
Event: 1.130 Thread 0x00000153848c69b0 nmethod 1760 0x00000153f52b2c90 code [0x00000153f52b2e80, 0x00000153f52b3368]
Event: 1.130 Thread 0x0000015385205c50 1765       1       java.lang.invoke.MethodHandle::intrinsicName (4 bytes)
Event: 1.130 Thread 0x0000015385205c50 nmethod 1765 0x00000153f52b3b90 code [0x00000153f52b3d20, 0x00000153f52b3df8]
Event: 1.131 Thread 0x0000015385205c50 1767       1       java.lang.invoke.DirectMethodHandle::shouldBeInitialized (127 bytes)
Event: 1.131 Thread 0x00000153fffd2af0 1768       1       java.lang.invoke.LambdaFormBuffer::changeName (149 bytes)
Event: 1.131 Thread 0x00000153848c4490 1769       1       java.lang.invoke.LambdaForm$Name::internArguments (62 bytes)
Event: 1.131 Thread 0x00000153fffd2af0 nmethod 1768 0x00000153f52b4490 code [0x00000153f52b4640, 0x00000153f52b4928]
Event: 1.131 Thread 0x0000015385205c50 nmethod 1767 0x00000153f52b4a90 code [0x00000153f52b4ca0, 0x00000153f52b5138]
Event: 1.131 Thread 0x00000153848c4490 nmethod 1769 0x00000153f52b5310 code [0x00000153f52b54c0, 0x00000153f52b5768]
Event: 1.131 Thread 0x00000153848c4490 1771       1       java.util.LinkedHashMap::get (29 bytes)
Event: 1.131 Thread 0x00000153848c4490 nmethod 1771 0x00000153f52b5890 code [0x00000153f52b5a40, 0x00000153f52b5bb8]
Event: 1.132 Thread 0x00000153848c69b0 1772       1       java.lang.invoke.DirectMethodHandle$Constructor::<init> (44 bytes)
Event: 1.132 Thread 0x00000153848c69b0 nmethod 1772 0x00000153f52b5c90 code [0x00000153f52b5e20, 0x00000153f52b5fc8]
Event: 1.134 Thread 0x00000153848c69b0 1773       1       java.lang.invoke.LambdaFormEditor$TransformKey::inRange (36 bytes)
Event: 1.134 Thread 0x00000153848c69b0 nmethod 1773 0x00000153f52b6090 code [0x00000153f52b6220, 0x00000153f52b62d8]

GC Heap History (2 events):
Event: 0.848 GC heap before
{Heap before GC invocations=0 (full 0):
 garbage-first heap   total 260096K, used 20480K [0x0000000703200000, 0x0000000800000000)
  region size 2048K, 11 young (22528K), 0 survivors (0K)
 Metaspace       used 7263K, committed 7424K, reserved 1056768K
  class space    used 908K, committed 1024K, reserved 1048576K
}
Event: 0.852 GC heap after
{Heap after GC invocations=1 (full 0):
 garbage-first heap   total 260096K, used 5696K [0x0000000703200000, 0x0000000800000000)
  region size 2048K, 2 young (4096K), 2 survivors (4096K)
 Metaspace       used 7263K, committed 7424K, reserved 1056768K
  class space    used 908K, committed 1024K, reserved 1048576K
}

Deoptimization events (2 events):
Event: 0.727 Thread 0x00000153ed5679b0 DEOPT PACKING pc=0x00000153f502a081 sp=0x00000012cfcfd6f0
Event: 0.727 Thread 0x00000153ed5679b0 DEOPT UNPACKING pc=0x00000153f4db6763 sp=0x00000012cfcfcb48 mode 3

Classes unloaded (0 events):
No events

Classes redefined (0 events):
No events

Internal exceptions (20 events):
Event: 0.948 Thread 0x00000153ed5679b0 Exception <a 'java/lang/NoSuchMethodError'{0x0000000712a23198}: 'java.lang.Object java.lang.invoke.DirectMethodHandle$Holder.invokeSpecial(java.lang.Object, java.lang.Object, java.lang.Object, java.lang.Object, java.lang.Object, java.lang.Object, int)'> (0x0000000712a23198) 
thrown [t:\workspace\open\src\hotspot\share\interpreter\linkResolver.cpp, line 766]
Event: 0.949 Thread 0x00000153ed5679b0 Exception <a 'java/lang/NoSuchMethodError'{0x0000000712a2d6f8}: 'java.lang.Object java.lang.invoke.DirectMethodHandle$Holder.newInvokeSpecial(java.lang.Object, java.lang.Object, java.lang.Object, java.lang.Object, java.lang.Object, java.lang.Object, int)'> (0x0000000712a2d6f8) 
thrown [t:\workspace\open\src\hotspot\share\interpreter\linkResolver.cpp, line 766]
Event: 0.949 Thread 0x00000153ed5679b0 Exception <a 'java/lang/NoSuchMethodError'{0x0000000712a32738}: 'java.lang.Object java.lang.invoke.DirectMethodHandle$Holder.invokeSpecial(java.lang.Object, java.lang.Object, java.lang.Object, java.lang.Object, java.lang.Object, java.lang.Object, java.lang.Object, int)'> (0x0000000712a32738) 
thrown [t:\workspace\open\src\hotspot\share\interpreter\linkResolver.cpp, line 766]
Event: 0.984 Thread 0x00000153ed5679b0 Exception <a 'java/lang/NoSuchMethodError'{0x0000000712b96430}: 'int java.lang.invoke.DirectMethodHandle$Holder.invokeVirtual(java.lang.Object, java.lang.Object)'> (0x0000000712b96430) 
thrown [t:\workspace\open\src\hotspot\share\interpreter\linkResolver.cpp, line 766]
Event: 0.997 Thread 0x00000153ed5679b0 Exception <a 'java/lang/NoSuchMethodError'{0x0000000712813aa0}: 'java.lang.Object java.lang.invoke.DirectMethodHandle$Holder.invokeSpecial(java.lang.Object, java.lang.Object, java.lang.Object, int, java.lang.Object)'> (0x0000000712813aa0) 
thrown [t:\workspace\open\src\hotspot\share\interpreter\linkResolver.cpp, line 766]
Event: 0.998 Thread 0x00000153ed5679b0 Exception <a 'java/lang/NoSuchMethodError'{0x000000071281c108}: 'java.lang.Object java.lang.invoke.DirectMethodHandle$Holder.newInvokeSpecial(java.lang.Object, java.lang.Object, java.lang.Object, int, java.lang.Object)'> (0x000000071281c108) 
thrown [t:\workspace\open\src\hotspot\share\interpreter\linkResolver.cpp, line 766]
Event: 0.998 Thread 0x00000153ed5679b0 Exception <a 'java/lang/NoSuchMethodError'{0x0000000712823ad8}: 'java.lang.Object java.lang.invoke.Invokers$Holder.linkToTargetMethod(java.lang.Object, java.lang.Object, int, java.lang.Object, java.lang.Object)'> (0x0000000712823ad8) 
thrown [t:\workspace\open\src\hotspot\share\interpreter\linkResolver.cpp, line 766]
Event: 1.000 Thread 0x00000153ed5679b0 Exception <a 'java/lang/NoSuchMethodError'{0x0000000712832ac8}: 'java.lang.Object java.lang.invoke.DirectMethodHandle$Holder.newInvokeSpecial(java.lang.Object, int, java.lang.Object)'> (0x0000000712832ac8) 
thrown [t:\workspace\open\src\hotspot\share\interpreter\linkResolver.cpp, line 766]
Event: 1.000 Thread 0x00000153ed5679b0 Exception <a 'java/lang/NoSuchMethodError'{0x0000000712837508}: 'int java.lang.invoke.DirectMethodHandle$Holder.invokeSpecialIFC(java.lang.Object, java.lang.Object, java.lang.Object, java.lang.Object)'> (0x0000000712837508) 
thrown [t:\workspace\open\src\hotspot\share\interpreter\linkResolver.cpp, line 766]
Event: 1.016 Thread 0x00000153ed5679b0 Exception <a 'java/lang/NoSuchMethodError'{0x00000007128faff0}: 'java.lang.Object java.lang.invoke.DirectMethodHandle$Holder.invokeInterface(java.lang.Object, java.lang.Object)'> (0x00000007128faff0) 
thrown [t:\workspace\open\src\hotspot\share\interpreter\linkResolver.cpp, line 766]
Event: 1.019 Thread 0x00000153ed5679b0 Exception <a 'java/lang/NoSuchMethodError'{0x000000071290ba48}: 'void java.lang.invoke.DirectMethodHandle$Holder.invokeInterface(java.lang.Object, java.lang.Object, java.lang.Object)'> (0x000000071290ba48) 
thrown [t:\workspace\open\src\hotspot\share\interpreter\linkResolver.cpp, line 766]
Event: 1.053 Thread 0x00000153ed5679b0 Exception <a 'java/lang/NoSuchMethodError'{0x00000007126135f0}: 'void java.lang.invoke.DirectMethodHandle$Holder.invokeStatic(java.lang.Object, java.lang.Object, int)'> (0x00000007126135f0) 
thrown [t:\workspace\open\src\hotspot\share\interpreter\linkResolver.cpp, line 766]
Event: 1.054 Thread 0x00000153ed5679b0 Exception <a 'java/lang/NoSuchMethodError'{0x000000071261b360}: 'void java.lang.invoke.DirectMethodHandle$Holder.invokeStaticInit(java.lang.Object, java.lang.Object)'> (0x000000071261b360) 
thrown [t:\workspace\open\src\hotspot\share\interpreter\linkResolver.cpp, line 766]
Event: 1.056 Thread 0x00000153ed5679b0 Exception <a 'java/lang/NoSuchMethodError'{0x0000000712633900}: 'void java.lang.invoke.DirectMethodHandle$Holder.invokeStaticInit(java.lang.Object, java.lang.Object, java.lang.Object)'> (0x0000000712633900) 
thrown [t:\workspace\open\src\hotspot\share\interpreter\linkResolver.cpp, line 766]
Event: 1.070 Thread 0x00000153ed5679b0 Exception <a 'java/lang/NoSuchMethodError'{0x00000007126a34f8}: 'void java.lang.invoke.DirectMethodHandle$Holder.invokeVirtual(java.lang.Object, java.lang.Object, java.lang.Object, java.lang.Object)'> (0x00000007126a34f8) 
thrown [t:\workspace\open\src\hotspot\share\interpreter\linkResolver.cpp, line 766]
Event: 1.095 Thread 0x00000153ed5679b0 Exception <a 'java/lang/NoSuchMethodError'{0x00000007127c4308}: 'void java.lang.invoke.DirectMethodHandle$Holder.invokeSpecial(java.lang.Object, java.lang.Object, java.lang.Object)'> (0x00000007127c4308) 
thrown [t:\workspace\open\src\hotspot\share\interpreter\linkResolver.cpp, line 766]
Event: 1.096 Thread 0x00000153ed5679b0 Exception <a 'java/lang/NoSuchMethodError'{0x00000007127ca8e0}: 'void java.lang.invoke.DirectMethodHandle$Holder.invokeSpecial(java.lang.Object, java.lang.Object, java.lang.Object, java.lang.Object, java.lang.Object)'> (0x00000007127ca8e0) 
thrown [t:\workspace\open\src\hotspot\share\interpreter\linkResolver.cpp, line 766]
Event: 1.100 Thread 0x00000153854c40f0 Exception <a 'java/lang/NoClassDefFoundError'{0x00000007124866d8}: javax/validation/Validation> (0x00000007124866d8) 
thrown [t:\workspace\open\src\hotspot\share\classfile\systemDictionary.cpp, line 245]
Event: 1.124 Thread 0x00000153854c40f0 Exception <a 'java/lang/NoSuchMethodError'{0x00000007122c90f8}: 'java.lang.Object java.lang.invoke.DirectMethodHandle$Holder.invokeStaticInit(java.lang.Object, java.lang.Object, java.lang.Object)'> (0x00000007122c90f8) 
thrown [t:\workspace\open\src\hotspot\share\interpreter\linkResolver.cpp, line 766]
Event: 1.125 Thread 0x00000153854c40f0 Exception <a 'java/lang/NoSuchMethodError'{0x00000007122cefe8}: 'java.lang.Object java.lang.invoke.DirectMethodHandle$Holder.invokeStaticInit(java.lang.Object, java.lang.Object, java.lang.Object, java.lang.Object, java.lang.Object)'> (0x00000007122cefe8) 
thrown [t:\workspace\open\src\hotspot\share\interpreter\linkResolver.cpp, line 766]

VM Operations (18 events):
Event: 0.134 Executing VM operation: HandshakeAllThreads
Event: 0.134 Executing VM operation: HandshakeAllThreads done
Event: 0.224 Executing VM operation: HandshakeAllThreads
Event: 0.224 Executing VM operation: HandshakeAllThreads done
Event: 0.400 Executing VM operation: HandshakeAllThreads
Event: 0.400 Executing VM operation: HandshakeAllThreads done
Event: 0.543 Executing VM operation: HandshakeAllThreads
Event: 0.543 Executing VM operation: HandshakeAllThreads done
Event: 0.684 Executing VM operation: HandshakeAllThreads
Event: 0.684 Executing VM operation: HandshakeAllThreads done
Event: 0.802 Executing VM operation: HandshakeAllThreads
Event: 0.802 Executing VM operation: HandshakeAllThreads done
Event: 0.847 Executing VM operation: G1CollectForAllocation
Event: 0.853 Executing VM operation: G1CollectForAllocation done
Event: 0.982 Executing VM operation: HandshakeAllThreads
Event: 0.982 Executing VM operation: HandshakeAllThreads done
Event: 1.106 Executing VM operation: HandshakeAllThreads
Event: 1.106 Executing VM operation: HandshakeAllThreads done

Events (20 events):
Event: 1.136 loading class jdk/xml/internal/JdkProperty$ImplPropMap
Event: 1.136 loading class jdk/xml/internal/JdkProperty$ImplPropMap done
Event: 1.136 loading class jdk/xml/internal/JdkProperty$State
Event: 1.136 loading class jdk/xml/internal/JdkProperty$State done
Event: 1.136 loading class com/sun/org/apache/xalan/internal/utils/XMLSecurityPropertyManager
Event: 1.136 loading class com/sun/org/apache/xalan/internal/utils/FeaturePropertyBase
Event: 1.137 loading class com/sun/org/apache/xalan/internal/utils/FeaturePropertyBase done
Event: 1.137 loading class com/sun/org/apache/xalan/internal/utils/XMLSecurityPropertyManager done
Event: 1.137 loading class com/sun/org/apache/xalan/internal/utils/FeaturePropertyBase$State
Event: 1.137 loading class com/sun/org/apache/xalan/internal/utils/FeaturePropertyBase$State done
Event: 1.137 loading class com/sun/org/apache/xalan/internal/utils/XMLSecurityPropertyManager$Property
Event: 1.137 loading class com/sun/org/apache/xalan/internal/utils/XMLSecurityPropertyManager$Property done
Event: 1.137 loading class com/sun/org/apache/xalan/internal/utils/XMLSecurityManager
Event: 1.137 loading class com/sun/org/apache/xalan/internal/utils/XMLSecurityManager done
Event: 1.137 loading class com/sun/org/apache/xalan/internal/utils/XMLSecurityManager$Limit
Event: 1.137 loading class com/sun/org/apache/xalan/internal/utils/XMLSecurityManager$Limit done
Event: 1.138 loading class com/sun/org/apache/xalan/internal/utils/XMLSecurityManager$NameMap
Event: 1.138 loading class com/sun/org/apache/xalan/internal/utils/XMLSecurityManager$NameMap done
Event: 1.138 loading class jdk/xml/internal/JdkProperty
Event: 1.138 loading class jdk/xml/internal/JdkProperty done


Dynamic libraries:
0x00007ff6c3cf0000 - 0x00007ff6c3cfe000 	C:\Users\SuperMissQ\.jdks\openjdk-17.0.1\bin\java.exe
0x00007ffbb6bd0000 - 0x00007ffbb6dc5000 	C:\Windows\SYSTEM32\ntdll.dll
0x00007ffbb6750000 - 0x00007ffbb680e000 	C:\Windows\System32\KERNEL32.DLL
0x00007ffbb43c0000 - 0x00007ffbb4689000 	C:\Windows\System32\KERNELBASE.dll
0x00007ffbb3f80000 - 0x00007ffbb4080000 	C:\Windows\System32\ucrtbase.dll
0x00007ffba8770000 - 0x00007ffba878a000 	C:\Users\SuperMissQ\.jdks\openjdk-17.0.1\bin\VCRUNTIME140.dll
0x00007ffba8840000 - 0x00007ffba8858000 	C:\Users\SuperMissQ\.jdks\openjdk-17.0.1\bin\jli.dll
0x00007ffbb65a0000 - 0x00007ffbb6741000 	C:\Windows\System32\USER32.dll
0x00007ffbb4340000 - 0x00007ffbb4362000 	C:\Windows\System32\win32u.dll
0x00007ffbb5360000 - 0x00007ffbb538b000 	C:\Windows\System32\GDI32.dll
0x00007ffbb4230000 - 0x00007ffbb433b000 	C:\Windows\System32\gdi32full.dll
0x00007ffbb4710000 - 0x00007ffbb47ad000 	C:\Windows\System32\msvcp_win.dll
0x00007ffb98140000 - 0x00007ffb983da000 	C:\Windows\WinSxS\amd64_microsoft.windows.common-controls_6595b64144ccf1df_6.0.19041.1110_none_60b5254171f9507e\COMCTL32.dll
0x00007ffbb52a0000 - 0x00007ffbb533e000 	C:\Windows\System32\msvcrt.dll
0x00007ffbb6500000 - 0x00007ffbb6530000 	C:\Windows\System32\IMM32.DLL
0x00007ffba8830000 - 0x00007ffba883c000 	C:\Users\SuperMissQ\.jdks\openjdk-17.0.1\bin\vcruntime140_1.dll
0x00007ffb8e730000 - 0x00007ffb8e7bd000 	C:\Users\SuperMissQ\.jdks\openjdk-17.0.1\bin\msvcp140.dll
0x00007ffb1ad90000 - 0x00007ffb1b94e000 	C:\Users\SuperMissQ\.jdks\openjdk-17.0.1\bin\server\jvm.dll
0x00007ffbb51f0000 - 0x00007ffbb529c000 	C:\Windows\System32\ADVAPI32.dll
0x00007ffbb6810000 - 0x00007ffbb68ab000 	C:\Windows\System32\sechost.dll
0x00007ffbb5010000 - 0x00007ffbb513a000 	C:\Windows\System32\RPCRT4.dll
0x00007ffbb4e40000 - 0x00007ffbb4e48000 	C:\Windows\System32\PSAPI.DLL
0x00007ffbad810000 - 0x00007ffbad837000 	C:\Windows\SYSTEM32\WINMM.dll
0x00007ffbb3cc0000 - 0x00007ffbb3cca000 	C:\Windows\SYSTEM32\VERSION.dll
0x00007ffb5aa30000 - 0x00007ffb5aa39000 	C:\Windows\SYSTEM32\WSOCK32.dll
0x00007ffbb6530000 - 0x00007ffbb659b000 	C:\Windows\System32\WS2_32.dll
0x00007ffbb47f0000 - 0x00007ffbb4802000 	C:\Windows\System32\kernel.appcore.dll
0x00007ffba8760000 - 0x00007ffba876a000 	C:\Users\SuperMissQ\.jdks\openjdk-17.0.1\bin\jimage.dll
0x00007ffbb18c0000 - 0x00007ffbb1aa4000 	C:\Windows\SYSTEM32\DBGHELP.DLL
0x00007ffbad7c0000 - 0x00007ffbad7ec000 	C:\Windows\SYSTEM32\dbgcore.DLL
0x00007ffbb4970000 - 0x00007ffbb49f3000 	C:\Windows\System32\bcryptPrimitives.dll
0x00007ffba7f70000 - 0x00007ffba7f7e000 	C:\Users\SuperMissQ\.jdks\openjdk-17.0.1\bin\instrument.dll
0x00007ffb97340000 - 0x00007ffb97365000 	C:\Users\SuperMissQ\.jdks\openjdk-17.0.1\bin\java.dll
0x00007ffb89720000 - 0x00007ffb897f6000 	C:\Users\SuperMissQ\.jdks\openjdk-17.0.1\bin\svml.dll
0x00007ffbb5990000 - 0x00007ffbb60cf000 	C:\Windows\System32\SHELL32.dll
0x00007ffbb2160000 - 0x00007ffbb28f0000 	C:\Windows\SYSTEM32\windows.storage.dll
0x00007ffbb60d0000 - 0x00007ffbb6425000 	C:\Windows\System32\combase.dll
0x00007ffbb3960000 - 0x00007ffbb398c000 	C:\Windows\SYSTEM32\Wldp.dll
0x00007ffbb6430000 - 0x00007ffbb64dd000 	C:\Windows\System32\SHCORE.dll
0x00007ffbb4bb0000 - 0x00007ffbb4c05000 	C:\Windows\System32\shlwapi.dll
0x00007ffbb3ec0000 - 0x00007ffbb3edf000 	C:\Windows\SYSTEM32\profapi.dll
0x00007ffb9a0b0000 - 0x00007ffb9a0c8000 	C:\Users\SuperMissQ\.jdks\openjdk-17.0.1\bin\zip.dll
0x00007ffba7570000 - 0x00007ffba7589000 	C:\Users\SuperMissQ\.jdks\openjdk-17.0.1\bin\net.dll
0x00007ffbab010000 - 0x00007ffbab118000 	C:\Windows\SYSTEM32\WINHTTP.dll
0x00007ffbb36c0000 - 0x00007ffbb372a000 	C:\Windows\system32\mswsock.dll
0x00007ffb9b180000 - 0x00007ffb9b195000 	C:\Users\SuperMissQ\.jdks\openjdk-17.0.1\bin\nio.dll
0x00007ffb97320000 - 0x00007ffb9733a000 	D:\Program Files\JetBrains\IntelliJ IDEA 2021.2.2\bin\breakgen64.dll
0x00007ffbb33f0000 - 0x00007ffbb34bc000 	C:\Windows\SYSTEM32\DNSAPI.dll
0x00007ffbb33b0000 - 0x00007ffbb33eb000 	C:\Windows\SYSTEM32\IPHLPAPI.DLL
0x00007ffbb69d0000 - 0x00007ffbb69d8000 	C:\Windows\System32\NSI.dll
0x00007ffba8090000 - 0x00007ffba809a000 	C:\Windows\System32\rasadhlp.dll
0x00007ffba5580000 - 0x00007ffba55ff000 	C:\Windows\System32\fwpuclnt.dll
0x00007ffbb46e0000 - 0x00007ffbb4707000 	C:\Windows\System32\bcrypt.dll
0x00007ffba0400000 - 0x00007ffba0409000 	C:\Users\SuperMissQ\.jdks\openjdk-17.0.1\bin\management.dll
0x00007ffb9fde0000 - 0x00007ffb9fdeb000 	C:\Users\SuperMissQ\.jdks\openjdk-17.0.1\bin\management_ext.dll
0x00007ffbb38b0000 - 0x00007ffbb38c8000 	C:\Windows\SYSTEM32\CRYPTSP.dll
0x00007ffbb3020000 - 0x00007ffbb3054000 	C:\Windows\system32\rsaenh.dll
0x00007ffbb3e80000 - 0x00007ffbb3eae000 	C:\Windows\SYSTEM32\USERENV.dll
0x00007ffbb38d0000 - 0x00007ffbb38dc000 	C:\Windows\SYSTEM32\CRYPTBASE.dll
0x00007ffba6dd0000 - 0x00007ffba6de7000 	C:\Windows\SYSTEM32\dhcpcsvc6.DLL
0x00007ffba7420000 - 0x00007ffba743d000 	C:\Windows\SYSTEM32\dhcpcsvc.DLL
0x00007ffbab130000 - 0x00007ffbab14d000 	C:\Windows\system32\NLAapi.dll
0x00007ffb8ed80000 - 0x00007ffb8ed97000 	C:\Windows\system32\napinsp.dll
0x00007ffb8ed60000 - 0x00007ffb8ed7b000 	C:\Windows\system32\pnrpnsp.dll
0x00007ffb8ed40000 - 0x00007ffb8ed52000 	C:\Windows\System32\winrnr.dll
0x00007ffbab3f0000 - 0x00007ffbab405000 	C:\Windows\system32\wshbth.dll

dbghelp: loaded successfully - version: 4.0.5 - missing functions: none
symbol engine: initialized successfully - sym options: 0x614 - pdb path: .;C:\Users\SuperMissQ\.jdks\openjdk-17.0.1\bin;C:\Windows\SYSTEM32;C:\Windows\WinSxS\amd64_microsoft.windows.common-controls_6595b64144ccf1df_6.0.19041.1110_none_60b5254171f9507e;C:\Users\SuperMissQ\.jdks\openjdk-17.0.1\bin\server;D:\Program Files\JetBrains\IntelliJ IDEA 2021.2.2\bin

VM Arguments:
jvm_args: -XX:TieredStopAtLevel=1 -Xverify:none -Dspring.output.ansi.enabled=always -javaagent:D:\Program Files\JetBrains\IntelliJ IDEA 2021.2.2\lib\idea_rt.jar=50842:D:\Program Files\JetBrains\IntelliJ IDEA 2021.2.2\bin -Dcom.sun.management.jmxremote -Dspring.jmx.enabled=true -Dspring.liveBeansView.mbeanDomain -Dspring.application.admin.enabled=true -Dfile.encoding=UTF-8 
java_command: com.example.bootthesisreview.BootthesisreviewApplication
java_class_path (initial): D:\springboot+vue\thesis\bootthesisreview\target\classes;C:\Users\SuperMissQ\.m2\repository\org\springframework\boot\spring-boot-starter-web\2.5.5\spring-boot-starter-web-2.5.5.jar;C:\Users\SuperMissQ\.m2\repository\org\springframework\boot\spring-boot-starter\2.5.5\spring-boot-starter-2.5.5.jar;C:\Users\SuperMissQ\.m2\repository\org\springframework\boot\spring-boot\2.5.5\spring-boot-2.5.5.jar;C:\Users\SuperMissQ\.m2\repository\org\springframework\boot\spring-boot-starter-logging\2.5.5\spring-boot-starter-logging-2.5.5.jar;C:\Users\SuperMissQ\.m2\repository\ch\qos\logback\logback-classic\1.2.6\logback-classic-1.2.6.jar;C:\Users\SuperMissQ\.m2\repository\ch\qos\logback\logback-core\1.2.6\logback-core-1.2.6.jar;C:\Users\SuperMissQ\.m2\repository\org\apache\logging\log4j\log4j-to-slf4j\2.14.1\log4j-to-slf4j-2.14.1.jar;C:\Users\SuperMissQ\.m2\repository\org\apache\logging\log4j\log4j-api\2.14.1\log4j-api-2.14.1.jar;C:\Users\SuperMissQ\.m2\repository\org\slf4j\jul-to-slf4j\1.7.32\jul-to-slf4j-1.7.32.jar;C:\Users\SuperMissQ\.m2\repository\jakarta\annotation\jakarta.annotation-api\1.3.5\jakarta.annotation-api-1.3.5.jar;C:\Users\SuperMissQ\.m2\repository\org\yaml\snakeyaml\1.28\snakeyaml-1.28.jar;C:\Users\SuperMissQ\.m2\repository\org\springframework\boot\spring-boot-starter-json\2.5.5\spring-boot-starter-json-2.5.5.jar;C:\Users\SuperMissQ\.m2\repository\com\fasterxml\jackson\core\jackson-databind\2.12.5\jackson-databind-2.12.5.jar;C:\Users\SuperMissQ\.m2\repository\com\fasterxml\jackson\core\jackson-annotations\2.12.5\jackson-annotations-2.12.5.jar;C:\Users\SuperMissQ\.m2\repository\com\fasterxml\jackson\core\jackson-core\2.12.5\jackson-core-2.12.5.jar;C:\Users\SuperMissQ\.m2\repository\com\fasterxml\jackson\datatype\jackson-datatype-jdk8\2.12.5\jackson-datatype-jdk8-2.12.5.jar;C:\Users\SuperMissQ\.m2\repository\com\fasterxml\jackson\datatype\jackson-datatype-jsr310\2.12.5\jackson-datatype-jsr310-2.12.5.jar;C:\Users\SuperMissQ\.m2\repository\co
Launcher Type: SUN_STANDARD

[Global flags]
     intx CICompilerCount                          = 4                                         {product} {ergonomic}
     uint ConcGCThreads                            = 2                                         {product} {ergonomic}
     uint G1ConcRefinementThreads                  = 8                                         {product} {ergonomic}
   size_t G1HeapRegionSize                         = 2097152                                   {product} {ergonomic}
    uintx GCDrainStackTargetSize                   = 64                                        {product} {ergonomic}
   size_t InitialHeapSize                          = 266338304                                 {product} {ergonomic}
     bool ManagementServer                         = true                                      {product} {command line}
   size_t MarkStackSize                            = 4194304                                   {product} {ergonomic}
   size_t MaxHeapSize                              = 4242538496                                {product} {ergonomic}
   size_t MaxNewSize                               = 2543845376                                {product} {ergonomic}
   size_t MinHeapDeltaBytes                        = 2097152                                   {product} {ergonomic}
   size_t MinHeapSize                              = 8388608                                   {product} {ergonomic}
    uintx NonProfiledCodeHeapSize                  = 0                                      {pd product} {ergonomic}
     bool ProfileInterpreter                       = false                                  {pd product} {command line}
    uintx ProfiledCodeHeapSize                     = 0                                      {pd product} {ergonomic}
   size_t SoftMaxHeapSize                          = 4242538496                             {manageable} {ergonomic}
     intx TieredStopAtLevel                        = 1                                         {product} {command line}
     bool UseCompressedClassPointers               = true                           {product lp64_product} {ergonomic}
     bool UseCompressedOops                        = true                           {product lp64_product} {ergonomic}
     bool UseG1GC                                  = true                                      {product} {ergonomic}
     bool UseLargePagesIndividualAllocation        = false                                  {pd product} {ergonomic}

Logging:
Log output configuration:
 #0: stdout all=warning uptime,level,tags
 #1: stderr all=off uptime,level,tags

Environment Variables:
JAVA_HOME=D:\Java\jdk-16
PATH=C:\Program Files\Microsoft MPI\Bin\;C:\Program Files (x86)\Common Files\Oracle\Java\javapath;D:\Java\jdk-16\bin;C:\Program Files\Common Files\Oracle\Java\javapath;C:\Windows\system32;C:\Windows;C:\Windows\System32\Wbem;C:\Windows\System32\WindowsPowerShell\v1.0\;C:\Windows\System32\OpenSSH\;C:\Program Files (x86)\NVIDIA Corporation\PhysX\Common;C:\Program Files\NVIDIA Corporation\NVIDIA NvDLISR;D:\runtime\win64;D:\bin;D:\polyspace\bin;D:\Program Files\Polyspace\R2020b\runtime\win64;D:\Program Files\Polyspace\R2020b\bin;D:\Program Files\Polyspace\R2020b\polyspace\bin;C:\Program Files\Microsoft SQL Server\110\DTS\Binn\;D:\Program Files (x86)\Microsoft SQL Server\110\Tools\Binn\;C:\Program Files\Microsoft SQL Server\110\Tools\Binn\;D:\Program Files (x86)\Microsoft SQL Server\110\Tools\Binn\ManagementStudio\;C:\Program Files (x86)\Microsoft Visual Studio 10.0\Common7\IDE\PrivateAssemblies\;D:\Program Files (x86)\Microsoft SQL Server\110\DTS\Binn\;C:\Program Files\dotnet\;C:\Program Files\Microsoft SQL Server\130\Tools\Binn\;D:\mingw64\bin;D:\mingw64\include;D:\Program Files (x86)\texlive\2021\bin\win32;C:\ProgramData\chocolatey\bin;D:\Program Files\nodejs\;D:\\Program Files\\nodejs\\node_global;D:\Program Files\MySQL\MySQL Shell 8.0\bin\;C:\Users\SuperMissQ\AppData\Local\Microsoft\WindowsApps;D:\Microsoft VS Code\bin;C:\Users\SuperMissQ\PycharmProjects\DataStructure\venv\Scripts;;d:\PyCharm 2020.1\bin;;D:\Program Files\JetBrains\IntelliJ IDEA 2021.2.2\bin;;C:\Users\SuperMissQ\.dotnet\tools;C:\Users\SuperMissQ\AppData\Roaming\npm
USERNAME=SuperMissQ
OS=Windows_NT
PROCESSOR_IDENTIFIER=Intel64 Family 6 Model 140 Stepping 1, GenuineIntel



---------------  S Y S T E M  ---------------

OS:
 Windows 10 , 64 bit Build 19041 (10.0.19041.1202)
OS uptime: 2 days 0:53 hours

CPU: total 8 (initial active 8) (4 cores per cpu, 2 threads per core) family 6 model 140 stepping 1 microcode 0x66, cx8, cmov, fxsr, ht, mmx, 3dnowpref, sse, sse2, sse3, ssse3, sse4.1, sse4.2, popcnt, lzcnt, tsc, tscinvbit, avx, avx2, aes, erms, clmul, bmi1, bmi2, adx, avx512f, avx512dq, avx512cd, avx512bw, avx512vl, sha, fma, vzeroupper, avx512_vpopcntdq, avx512_vpclmulqdq, avx512_vaes, avx512_vnni, clflush, clflushopt, clwb, avx512_vbmi2, avx512_vbmi

Memory: 4k page, system-wide physical 16183M (1493M free)
TotalPageFile size 26876M (AvailPageFile size 0M)
current process WorkingSet (physical memory assigned to process): 84M, peak: 84M
current process commit charge ("private bytes"): 359M, peak: 359M

vm_info: OpenJDK 64-Bit Server VM (17.0.1+12-39) for windows-amd64 JRE (17.0.1+12-39), built on Sep 27 2021 18:39:29 by "mach5one" with MS VC++ 16.8 (VS2019)

END.
